<?xml version="1.0" encoding="UTF-8"?>
<testng-results ignored="0" total="1" passed="1" failed="0" skipped="0">
  <reporter-output>
  </reporter-output>
  <suite started-at="2026-06-16T11:10:08 IST" name="Default suite" finished-at="2026-06-16T11:10:47 IST" duration-ms="39227">
    <groups>
    </groups>
    <test started-at="2026-06-16T11:10:08 IST" name="Default test" finished-at="2026-06-16T11:10:47 IST" duration-ms="39227">
      <class name="com.AutomationExcercise.TestCase.TestCase_01_RegisterUser">
        <test-method is-config="true" signature="setUp()[pri:0, instance:com.AutomationExcercise.TestCase.TestCase_01_RegisterUser@34e9fd99]" started-at="2026-06-16T11:10:08 IST" name="setUp" finished-at="2026-06-16T11:10:13 IST" duration-ms="5228" status="PASS">
          <reporter-output>
          </reporter-output>
        </test-method> <!-- setUp -->
        <test-method signature="registerUser()[pri:0, instance:com.AutomationExcercise.TestCase.TestCase_01_RegisterUser@34e9fd99]" started-at="2026-06-16T11:10:13 IST" name="registerUser" finished-at="2026-06-16T11:10:47 IST" duration-ms="33954" status="PASS">
          <reporter-output>
          </reporter-output>
        </test-method> <!-- registerUser -->
        <test-method is-config="true" signature="tearDown()[pri:0, instance:com.AutomationExcercise.TestCase.TestCase_01_RegisterUser@34e9fd99]" started-at="2026-06-16T11:10:47 IST" name="tearDown" finished-at="2026-06-16T11:10:47 IST" duration-ms="1" status="PASS">
          <reporter-output>
          </reporter-output>
        </test-method> <!-- tearDown -->
      </class> <!-- com.AutomationExcercise.TestCase.TestCase_01_RegisterUser -->
    </test> <!-- Default test -->
  </suite> <!-- Default suite -->
</testng-results>
